<?xml version="1.0" encoding="UTF-8"?>
<testng-results skipped="1" failed="1" total="2" passed="0">
  <reporter-output>
  </reporter-output>
  <suite name="Default suite" duration-ms="16" started-at="2013-12-24T11:41:57Z" finished-at="2013-12-24T11:41:57Z">
    <groups>
    </groups>
    <test name="Default test" duration-ms="16" started-at="2013-12-24T11:41:57Z" finished-at="2013-12-24T11:41:57Z">
      <class name="com.p3selenium.scripts.C377">
        <test-method status="SKIP" signature="setup(java.lang.String)[pri:0, instance:com.p3selenium.scripts.C377@18aaa1e]" name="setup" is-config="true" duration-ms="0" started-at="2013-12-24T17:11:57Z" finished-at="2013-12-24T17:11:57Z">
          <reporter-output>
          </reporter-output>
        </test-method> <!-- setup -->
        <test-method status="SKIP" signature="testLink()[pri:0, instance:com.p3selenium.scripts.C377@18aaa1e]" name="testLink" duration-ms="2" started-at="2013-12-24T17:11:57Z" finished-at="2013-12-24T17:11:57Z">
          <reporter-output>
          </reporter-output>
        </test-method> <!-- testLink -->
        <test-method status="SKIP" signature="tearDown()[pri:0, instance:com.p3selenium.scripts.C377@18aaa1e]" name="tearDown" is-config="true" duration-ms="0" started-at="2013-12-24T17:11:57Z" finished-at="2013-12-24T17:11:57Z">
          <reporter-output>
          </reporter-output>
        </test-method> <!-- tearDown -->
        <test-method status="SKIP" signature="tearDown()[pri:0, instance:com.p3selenium.scripts.C377@18aaa1e]" name="tearDown" is-config="true" duration-ms="0" started-at="2013-12-24T17:11:57Z" finished-at="2013-12-24T17:11:57Z">
          <reporter-output>
          </reporter-output>
        </test-method> <!-- tearDown -->
      </class> <!-- com.p3selenium.scripts.C377 -->
      <class name="com.p3selenium.common.SignupScript">
        <test-method status="FAIL" signature="setup(java.lang.String)[pri:0, instance:com.p3selenium.common.SignupScript@d0a5d9]" name="setup" is-config="true" duration-ms="0" started-at="2013-12-24T17:11:57Z" finished-at="2013-12-24T17:11:57Z">
          <exception class="org.testng.TestNGException">
            <message>
              <![CDATA[
Parameter 'browser' is required by @Configuration on method setup but has not been marked @Optional or defined
in C:\Users\abhishek.aggarwal\AppData\Local\Temp\testng-eclipse-2144374991\testng-customsuite.xml]]>
            </message>
            <full-stacktrace>
              <![CDATA[org.testng.TestNGException: 
Parameter 'browser' is required by @Configuration on method setup but has not been marked @Optional or defined
in C:\Users\abhishek.aggarwal\AppData\Local\Temp\testng-eclipse-2144374991\testng-customsuite.xml
	at org.testng.internal.Parameters.createParameters(Parameters.java:155)
	at org.testng.internal.Parameters.createParameters(Parameters.java:355)
	at org.testng.internal.Parameters.createConfigurationParameters(Parameters.java:86)
	at org.testng.internal.Invoker.invokeConfigurations(Invoker.java:199)
	at org.testng.internal.Invoker.invokeConfigurations(Invoker.java:138)
	at org.testng.internal.TestMethodWorker.invokeBeforeClassMethods(TestMethodWorker.java:175)
	at org.testng.internal.TestMethodWorker.run(TestMethodWorker.java:107)
	at org.testng.TestRunner.privateRun(TestRunner.java:767)
	at org.testng.TestRunner.run(TestRunner.java:617)
	at org.testng.SuiteRunner.runTest(SuiteRunner.java:334)
	at org.testng.SuiteRunner.runSequentially(SuiteRunner.java:329)
	at org.testng.SuiteRunner.privateRun(SuiteRunner.java:291)
	at org.testng.SuiteRunner.run(SuiteRunner.java:240)
	at org.testng.SuiteRunnerWorker.runSuite(SuiteRunnerWorker.java:52)
	at org.testng.SuiteRunnerWorker.run(SuiteRunnerWorker.java:86)
	at org.testng.TestNG.runSuitesSequentially(TestNG.java:1203)
	at org.testng.TestNG.runSuitesLocally(TestNG.java:1128)
	at org.testng.TestNG.run(TestNG.java:1036)
	at org.testng.remote.RemoteTestNG.run(RemoteTestNG.java:111)
	at org.testng.remote.RemoteTestNG.initAndRun(RemoteTestNG.java:204)
	at org.testng.remote.RemoteTestNG.main(RemoteTestNG.java:175)
]]>
            </full-stacktrace>
          </exception> <!-- org.testng.TestNGException -->
          <reporter-output>
          </reporter-output>
        </test-method> <!-- setup -->
        <test-method status="FAIL" signature="testLink(java.lang.String, java.lang.String)[pri:0, instance:com.p3selenium.common.SignupScript@d0a5d9]" name="testLink" duration-ms="0" started-at="2013-12-24T17:11:57Z" finished-at="2013-12-24T17:11:57Z">
          <exception class="org.testng.TestNGException">
            <message>
              <![CDATA[
Method testLink requires 2 parameters but 0 were supplied in the @Test annotation.]]>
            </message>
            <full-stacktrace>
              <![CDATA[org.testng.TestNGException: 
Method testLink requires 2 parameters but 0 were supplied in the @Test annotation.
	at org.testng.internal.Parameters.checkParameterTypes(Parameters.java:198)
	at org.testng.internal.Parameters.createParameters(Parameters.java:134)
	at org.testng.internal.Parameters.createParameters(Parameters.java:370)
	at org.testng.internal.Parameters.handleParameters(Parameters.java:447)
	at org.testng.internal.Invoker.handleParameters(Invoker.java:1384)
	at org.testng.internal.Invoker.createParameters(Invoker.java:1075)
	at org.testng.internal.Invoker.invokeTestMethods(Invoker.java:1180)
	at org.testng.internal.TestMethodWorker.invokeTestMethods(TestMethodWorker.java:128)
	at org.testng.internal.TestMethodWorker.run(TestMethodWorker.java:111)
	at org.testng.TestRunner.privateRun(TestRunner.java:767)
	at org.testng.TestRunner.run(TestRunner.java:617)
	at org.testng.SuiteRunner.runTest(SuiteRunner.java:334)
	at org.testng.SuiteRunner.runSequentially(SuiteRunner.java:329)
	at org.testng.SuiteRunner.privateRun(SuiteRunner.java:291)
	at org.testng.SuiteRunner.run(SuiteRunner.java:240)
	at org.testng.SuiteRunnerWorker.runSuite(SuiteRunnerWorker.java:52)
	at org.testng.SuiteRunnerWorker.run(SuiteRunnerWorker.java:86)
	at org.testng.TestNG.runSuitesSequentially(TestNG.java:1203)
	at org.testng.TestNG.runSuitesLocally(TestNG.java:1128)
	at org.testng.TestNG.run(TestNG.java:1036)
	at org.testng.remote.RemoteTestNG.run(RemoteTestNG.java:111)
	at org.testng.remote.RemoteTestNG.initAndRun(RemoteTestNG.java:204)
	at org.testng.remote.RemoteTestNG.main(RemoteTestNG.java:175)
]]>
            </full-stacktrace>
          </exception> <!-- org.testng.TestNGException -->
          <reporter-output>
          </reporter-output>
        </test-method> <!-- testLink -->
      </class> <!-- com.p3selenium.common.SignupScript -->
    </test> <!-- Default test -->
  </suite> <!-- Default suite -->
</testng-results>
